[0m16:49:43.412119 [debug] [MainThread]: Sending event: {'category': 'dbt', 'action': 'invocation', 'label': 'start', 'context': [<snowplow_tracker.self_describing_json.SelfDescribingJson object at 0x1212b8d50>, <snowplow_tracker.self_describing_json.SelfDescribingJson object at 0x1212e4a90>, <snowplow_tracker.self_describing_json.SelfDescribingJson object at 0x1212e5e10>]}


============================== 16:49:43.420736 | 66790871-d8b1-4d6a-b81e-210f73b6b36b ==============================
[0m16:49:43.420736 [info ] [MainThread]: Running with dbt=1.11.7
[0m16:49:43.421401 [debug] [MainThread]: running dbt with arguments {'warn_error': 'None', 'log_cache_events': 'False', 'log_path': 'logs', 'partial_parse': 'True', 'send_anonymous_usage_stats': 'True', 'write_json': 'True', 'static_parser': 'True', 'indirect_selection': 'eager', 'introspect': 'True', 'no_print': 'None', 'target_path': 'None', 'use_colors': 'True', 'printer_width': '80', 'quiet': 'False', 'log_format': 'default', 'use_experimental_parser': 'False', 'version_check': 'True', 'fail_fast': 'False', 'invocation_command': 'dbt init nfl_dbt', 'profiles_dir': '/Users/westonhyman/.dbt', 'warn_error_options': 'WarnErrorOptionsV2(error=[], warn=[], silence=[])', 'debug': 'False', 'cache_selected_only': 'False', 'empty': 'None'}
[0m16:49:43.438334 [debug] [MainThread]: Starter project path: /Users/westonhyman/dev/nfl-explorer/venv/lib/python3.11/site-packages/dbt/include/starter_project
[0m16:49:43.449317 [info ] [MainThread]: 
Your new dbt project "nfl_dbt" was created!

For more information on how to configure the profiles.yml file,
please consult the dbt documentation here:

  https://docs.getdbt.com/docs/configure-your-profile

One more thing:

Need help? Don't hesitate to reach out to us via GitHub issues or on Slack:

  https://community.getdbt.com/

Happy modeling!

[0m16:49:43.449818 [info ] [MainThread]: Setting up your profile.
[0m16:50:00.886015 [debug] [MainThread]: Resource report: {"command_name": "init", "command_success": true, "command_wall_clock_time": 17.509731, "process_in_blocks": "0", "process_kernel_time": 0.135726, "process_mem_max_rss": "133431296", "process_out_blocks": "0", "process_user_time": 1.014813}
[0m16:50:00.886703 [debug] [MainThread]: Command `dbt init` succeeded at 16:50:00.886613 after 17.51 seconds
[0m16:50:00.886986 [debug] [MainThread]: Sending event: {'category': 'dbt', 'action': 'invocation', 'label': 'end', 'context': [<snowplow_tracker.self_describing_json.SelfDescribingJson object at 0x1212e5ed0>, <snowplow_tracker.self_describing_json.SelfDescribingJson object at 0x1212e6010>, <snowplow_tracker.self_describing_json.SelfDescribingJson object at 0x100914650>]}
[0m16:50:00.887266 [debug] [MainThread]: Flushing usage events
[0m16:50:01.186239 [debug] [MainThread]: An error was encountered while trying to flush usage events
